[2026-04-12 14:22:50] SQLSTATE[42S02]: Base table or view not found: 1146 Table 'websly_wholesale_pos.users' doesn't exist in /home/websly/public_html/includes/core/Auth.php:41
#0 /home/websly/public_html/includes/core/Auth.php(41): PDO->prepare()
#1 /home/websly/public_html/login.php(17): Auth::attempt()
#2 {main}

[2026-04-12 14:24:37] SQLSTATE[42S02]: Base table or view not found: 1146 Table 'websly_wholesale_pos.users' doesn't exist in /home/websly/public_html/includes/core/Auth.php:41
#0 /home/websly/public_html/includes/core/Auth.php(41): PDO->prepare()
#1 /home/websly/public_html/login.php(17): Auth::attempt()
#2 {main}

[2026-04-12 14:25:59] SQLSTATE[42S02]: Base table or view not found: 1146 Table 'websly_wholesale_pos.users' doesn't exist in /home/websly/public_html/includes/core/Auth.php:41
#0 /home/websly/public_html/includes/core/Auth.php(41): PDO->prepare()
#1 /home/websly/public_html/login.php(17): Auth::attempt()
#2 {main}

[2026-04-12 14:26:51] SQLSTATE[42S02]: Base table or view not found: 1146 Table 'websly_wholesale_pos.users' doesn't exist in /home/websly/public_html/includes/core/Auth.php:41
#0 /home/websly/public_html/includes/core/Auth.php(41): PDO->prepare()
#1 /home/websly/public_html/login.php(17): Auth::attempt()
#2 {main}

[2026-04-12 14:26:55] SQLSTATE[42S02]: Base table or view not found: 1146 Table 'websly_wholesale_pos.users' doesn't exist in /home/websly/public_html/includes/core/Auth.php:41
#0 /home/websly/public_html/includes/core/Auth.php(41): PDO->prepare()
#1 /home/websly/public_html/login.php(17): Auth::attempt()
#2 {main}

[2026-04-12 14:29:28] SQLSTATE[42S02]: Base table or view not found: 1146 Table 'websly_wholesale_pos.users' doesn't exist in /home/websly/public_html/includes/core/Auth.php:41
#0 /home/websly/public_html/includes/core/Auth.php(41): PDO->prepare()
#1 /home/websly/public_html/login.php(17): Auth::attempt()
#2 {main}

[2026-04-12 14:29:40] SQLSTATE[42S22]: Column not found: 1054 Unknown column 'users.deleted_at' in 'where clause' in /home/websly/public_html/includes/core/Auth.php:41
#0 /home/websly/public_html/includes/core/Auth.php(41): PDO->prepare()
#1 /home/websly/public_html/login.php(17): Auth::attempt()
#2 {main}

[2026-04-12 14:30:31] SQLSTATE[42S02]: Base table or view not found: 1146 Table 'websly_wholesale_pos.users' doesn't exist in /home/websly/public_html/includes/core/Auth.php:41
#0 /home/websly/public_html/includes/core/Auth.php(41): PDO->prepare()
#1 /home/websly/public_html/login.php(17): Auth::attempt()
#2 {main}

[2026-04-12 14:39:35] SQLSTATE[42S22]: Column not found: 1054 Unknown column 'users.deleted_at' in 'where clause' in /home/websly/public_html/includes/core/Auth.php:41
#0 /home/websly/public_html/includes/core/Auth.php(41): PDO->prepare()
#1 /home/websly/public_html/login.php(17): Auth::attempt()
#2 {main}

[2026-04-12 14:39:38] SQLSTATE[42S22]: Column not found: 1054 Unknown column 'users.deleted_at' in 'where clause' in /home/websly/public_html/includes/core/Auth.php:41
#0 /home/websly/public_html/includes/core/Auth.php(41): PDO->prepare()
#1 /home/websly/public_html/login.php(17): Auth::attempt()
#2 {main}

[2026-04-12 14:39:44] SQLSTATE[42S22]: Column not found: 1054 Unknown column 'users.deleted_at' in 'where clause' in /home/websly/public_html/includes/core/Auth.php:41
#0 /home/websly/public_html/includes/core/Auth.php(41): PDO->prepare()
#1 /home/websly/public_html/login.php(17): Auth::attempt()
#2 {main}

[2026-04-12 15:20:14] SQLSTATE[42S22]: Column not found: 1054 Unknown column 'users.deleted_at' in 'where clause' in /home/websly/public_html/includes/core/Auth.php:41
#0 /home/websly/public_html/includes/core/Auth.php(41): PDO->prepare()
#1 /home/websly/public_html/login.php(17): Auth::attempt()
#2 {main}

[2026-04-12 15:21:09] SQLSTATE[42S22]: Column not found: 1054 Unknown column 'users.deleted_at' in 'where clause' in /home/websly/public_html/includes/core/Auth.php:41
#0 /home/websly/public_html/includes/core/Auth.php(41): PDO->prepare()
#1 /home/websly/public_html/login.php(17): Auth::attempt()
#2 {main}

[2026-04-12 15:23:57] SQLSTATE[42S22]: Column not found: 1054 Unknown column 'users.deleted_at' in 'where clause' in /home/websly/public_html/includes/core/Auth.php:41
#0 /home/websly/public_html/includes/core/Auth.php(41): PDO->prepare()
#1 /home/websly/public_html/login.php(17): Auth::attempt()
#2 {main}

[2026-04-12 15:25:28] SQLSTATE[42S22]: Column not found: 1054 Unknown column 'users.deleted_at' in 'where clause' in /home/websly/public_html/includes/core/Auth.php:41
#0 /home/websly/public_html/includes/core/Auth.php(41): PDO->prepare()
#1 /home/websly/public_html/login.php(17): Auth::attempt()
#2 {main}

[2026-04-12 15:30:24] SQLSTATE[42S22]: Column not found: 1054 Unknown column 'users.deleted_at' in 'where clause' in /home/websly/public_html/includes/core/Auth.php:41
#0 /home/websly/public_html/includes/core/Auth.php(41): PDO->prepare()
#1 /home/websly/public_html/login.php(17): Auth::attempt()
#2 {main}

[2026-04-12 15:30:28] SQLSTATE[42S22]: Column not found: 1054 Unknown column 'users.deleted_at' in 'where clause' in /home/websly/public_html/includes/core/Auth.php:41
#0 /home/websly/public_html/includes/core/Auth.php(41): PDO->prepare()
#1 /home/websly/public_html/login.php(17): Auth::attempt()
#2 {main}

[2026-04-12 15:30:32] SQLSTATE[42S22]: Column not found: 1054 Unknown column 'users.deleted_at' in 'where clause' in /home/websly/public_html/includes/core/Auth.php:41
#0 /home/websly/public_html/includes/core/Auth.php(41): PDO->prepare()
#1 /home/websly/public_html/login.php(17): Auth::attempt()
#2 {main}

[2026-04-12 15:33:42] SQLSTATE[42S22]: Column not found: 1054 Unknown column 'users.deleted_at' in 'where clause' in /home/websly/public_html/includes/core/Auth.php:41
#0 /home/websly/public_html/includes/core/Auth.php(41): PDO->prepare()
#1 /home/websly/public_html/login.php(17): Auth::attempt()
#2 {main}

[2026-04-12 15:33:48] SQLSTATE[42S22]: Column not found: 1054 Unknown column 'users.deleted_at' in 'where clause' in /home/websly/public_html/includes/core/Auth.php:41
#0 /home/websly/public_html/includes/core/Auth.php(41): PDO->prepare()
#1 /home/websly/public_html/login.php(17): Auth::attempt()
#2 {main}

[2026-04-12 15:34:16] SQLSTATE[42S22]: Column not found: 1054 Unknown column 'users.deleted_at' in 'where clause' in /home/websly/public_html/includes/core/Auth.php:41
#0 /home/websly/public_html/includes/core/Auth.php(41): PDO->prepare()
#1 /home/websly/public_html/login.php(17): Auth::attempt()
#2 {main}

[2026-04-12 15:47:43] SQLSTATE[42S22]: Column not found: 1054 Unknown column 'users.deleted_at' in 'where clause' in /home/websly/public_html/includes/core/Auth.php:41
#0 /home/websly/public_html/includes/core/Auth.php(41): PDO->prepare()
#1 /home/websly/public_html/login.php(17): Auth::attempt()
#2 {main}

[2026-04-12 16:34:51] SQLSTATE[28000] [1045] Access denied for user 'websly_wholesale_pos'@'localhost' (using password: YES) in /home/websly/public_html/includes/core/Database.php:28
#0 /home/websly/public_html/includes/core/Database.php(28): PDO->__construct()
#1 /home/websly/public_html/includes/core/Auth.php(41): Database::connection()
#2 /home/websly/public_html/login.php(17): Auth::attempt()
#3 {main}

[2026-04-12 17:33:06] SQLSTATE[42S22]: Column not found: 1054 Unknown column 'urp.permission_id' in 'on clause' in /home/websly/public_html/includes/core/Auth.php:178
#0 /home/websly/public_html/includes/core/Auth.php(178): PDO->prepare()
#1 /home/websly/public_html/includes/core/Auth.php(58): Auth::loadPermissions()
#2 /home/websly/public_html/login.php(17): Auth::attempt()
#3 {main}

[2026-04-12 17:37:21] SQLSTATE[42S02]: Base table or view not found: 1146 Table 'websly_wholesale_pos.activity_logs' doesn't exist in /home/websly/public_html/includes/helpers/functions.php:336
#0 /home/websly/public_html/includes/helpers/functions.php(336): PDO->prepare()
#1 /home/websly/public_html/includes/core/Auth.php(67): log_activity()
#2 /home/websly/public_html/login.php(17): Auth::attempt()
#3 {main}

[2026-04-12 17:42:14] SQLSTATE[42S02]: Base table or view not found: 1146 Table 'websly_wholesale_pos.activity_logs' doesn't exist in /home/websly/public_html/includes/helpers/functions.php:336
#0 /home/websly/public_html/includes/helpers/functions.php(336): PDO->prepare()
#1 /home/websly/public_html/includes/core/Auth.php(67): log_activity()
#2 /home/websly/public_html/login.php(17): Auth::attempt()
#3 {main}

[2026-04-12 17:53:05] SQLSTATE[42S22]: Column not found: 1054 Unknown column 'roles.slug' in 'field list' in /home/websly/public_html/includes/core/Auth.php:21
#0 /home/websly/public_html/includes/core/Auth.php(21): PDO->prepare()
#1 /home/websly/public_html/config/bootstrap.php(32): Auth::boot()
#2 /home/websly/public_html/login.php(2): require_once('/home/websly/pu...')
#3 {main}

[2026-04-12 17:53:09] SQLSTATE[42S22]: Column not found: 1054 Unknown column 'roles.slug' in 'field list' in /home/websly/public_html/includes/core/Auth.php:21
#0 /home/websly/public_html/includes/core/Auth.php(21): PDO->prepare()
#1 /home/websly/public_html/config/bootstrap.php(32): Auth::boot()
#2 /home/websly/public_html/login.php(2): require_once('/home/websly/pu...')
#3 {main}

[2026-04-12 17:57:35] SQLSTATE[42S02]: Base table or view not found: 1146 Table 'websly_wholesale_pos.permissions' doesn't exist in /home/websly/public_html/register.php:65
#0 /home/websly/public_html/register.php(65): PDO->query()
#1 {main}

[2026-04-12 17:58:58] SQLSTATE[42S22]: Column not found: 1054 Unknown column 'label' in 'field list' in /home/websly/public_html/register.php:65
#0 /home/websly/public_html/register.php(65): PDO->query()
#1 {main}

[2026-04-12 23:28:18] SQLSTATE[HY093]: Invalid parameter number in /home/websly/public_html/includes/services/DebtService.php:42
#0 /home/websly/public_html/includes/services/DebtService.php(42): PDOStatement->execute()
#1 /home/websly/public_html/ajax/debts/collect.php(7): DebtService->collect()
#2 {main}

[2026-04-12 23:32:31] SQLSTATE[HY093]: Invalid parameter number in /home/websly/public_html/ajax/debts/get_parties.php:47
#0 /home/websly/public_html/ajax/debts/get_parties.php(47): PDOStatement->execute()
#1 {main}

[2026-04-12 23:32:34] SQLSTATE[HY093]: Invalid parameter number in /home/websly/public_html/ajax/debts/get_parties.php:47
#0 /home/websly/public_html/ajax/debts/get_parties.php(47): PDOStatement->execute()
#1 {main}

[2026-04-12 23:33:02] SQLSTATE[HY093]: Invalid parameter number in /home/websly/public_html/ajax/debts/get_parties.php:47
#0 /home/websly/public_html/ajax/debts/get_parties.php(47): PDOStatement->execute()
#1 {main}

[2026-04-12 23:33:05] SQLSTATE[HY093]: Invalid parameter number in /home/websly/public_html/ajax/debts/get_parties.php:47
#0 /home/websly/public_html/ajax/debts/get_parties.php(47): PDOStatement->execute()
#1 {main}

[2026-04-12 23:33:05] SQLSTATE[HY093]: Invalid parameter number in /home/websly/public_html/ajax/debts/get_parties.php:47
#0 /home/websly/public_html/ajax/debts/get_parties.php(47): PDOStatement->execute()
#1 {main}

[2026-04-12 23:33:06] SQLSTATE[HY093]: Invalid parameter number in /home/websly/public_html/ajax/debts/get_parties.php:47
#0 /home/websly/public_html/ajax/debts/get_parties.php(47): PDOStatement->execute()
#1 {main}

[2026-04-12 23:33:06] SQLSTATE[HY093]: Invalid parameter number in /home/websly/public_html/ajax/debts/get_parties.php:47
#0 /home/websly/public_html/ajax/debts/get_parties.php(47): PDOStatement->execute()
#1 {main}

[2026-04-12 23:33:06] SQLSTATE[HY093]: Invalid parameter number in /home/websly/public_html/ajax/debts/get_parties.php:47
#0 /home/websly/public_html/ajax/debts/get_parties.php(47): PDOStatement->execute()
#1 {main}

[2026-04-12 23:33:13] SQLSTATE[HY093]: Invalid parameter number in /home/websly/public_html/ajax/debts/get_parties.php:47
#0 /home/websly/public_html/ajax/debts/get_parties.php(47): PDOStatement->execute()
#1 {main}

[2026-04-12 23:33:20] SQLSTATE[HY093]: Invalid parameter number in /home/websly/public_html/ajax/debts/get_parties.php:47
#0 /home/websly/public_html/ajax/debts/get_parties.php(47): PDOStatement->execute()
#1 {main}

[2026-04-12 23:33:20] SQLSTATE[HY093]: Invalid parameter number in /home/websly/public_html/ajax/debts/get_parties.php:47
#0 /home/websly/public_html/ajax/debts/get_parties.php(47): PDOStatement->execute()
#1 {main}

[2026-04-12 23:34:27] SQLSTATE[HY093]: Invalid parameter number in /home/websly/public_html/includes/services/DebtService.php:51
#0 /home/websly/public_html/includes/services/DebtService.php(51): PDOStatement->execute()
#1 /home/websly/public_html/ajax/debts/collect.php(7): DebtService->collect()
#2 {main}

[2026-04-12 23:34:34] SQLSTATE[HY093]: Invalid parameter number in /home/websly/public_html/includes/services/DebtService.php:51
#0 /home/websly/public_html/includes/services/DebtService.php(51): PDOStatement->execute()
#1 /home/websly/public_html/ajax/debts/collect.php(7): DebtService->collect()
#2 {main}

[2026-04-12 23:36:29] SQLSTATE[HY093]: Invalid parameter number in /home/websly/public_html/includes/services/DebtService.php:51
#0 /home/websly/public_html/includes/services/DebtService.php(51): PDOStatement->execute()
#1 /home/websly/public_html/ajax/debts/collect.php(7): DebtService->collect()
#2 {main}

[2026-04-12 23:37:39] SQLSTATE[HY093]: Invalid parameter number in /home/websly/public_html/includes/services/DebtService.php:51
#0 /home/websly/public_html/includes/services/DebtService.php(51): PDOStatement->execute()
#1 /home/websly/public_html/ajax/debts/collect.php(7): DebtService->collect()
#2 {main}

[2026-04-12 23:37:45] SQLSTATE[HY093]: Invalid parameter number in /home/websly/public_html/includes/services/DebtService.php:51
#0 /home/websly/public_html/includes/services/DebtService.php(51): PDOStatement->execute()
#1 /home/websly/public_html/ajax/debts/collect.php(7): DebtService->collect()
#2 {main}

[2026-04-12 23:39:35] SQLSTATE[HY093]: Invalid parameter number in /home/websly/public_html/includes/services/DebtService.php:63
#0 /home/websly/public_html/includes/services/DebtService.php(63): PDOStatement->execute()
#1 /home/websly/public_html/ajax/debts/collect.php(7): DebtService->collect()
#2 {main}

[2026-04-12 23:39:44] SQLSTATE[HY093]: Invalid parameter number in /home/websly/public_html/includes/services/DebtService.php:63
#0 /home/websly/public_html/includes/services/DebtService.php(63): PDOStatement->execute()
#1 /home/websly/public_html/ajax/debts/collect.php(7): DebtService->collect()
#2 {main}

[2026-04-12 23:39:51] SQLSTATE[HY093]: Invalid parameter number in /home/websly/public_html/includes/services/DebtService.php:63
#0 /home/websly/public_html/includes/services/DebtService.php(63): PDOStatement->execute()
#1 /home/websly/public_html/ajax/debts/collect.php(7): DebtService->collect()
#2 {main}

[2026-04-12 23:41:32] SQLSTATE[HY093]: Invalid parameter number in /home/websly/public_html/includes/services/DebtService.php:51
#0 /home/websly/public_html/includes/services/DebtService.php(51): PDOStatement->execute()
#1 /home/websly/public_html/ajax/debts/collect.php(7): DebtService->collect()
#2 {main}

[2026-04-12 23:41:38] SQLSTATE[HY093]: Invalid parameter number in /home/websly/public_html/includes/services/DebtService.php:51
#0 /home/websly/public_html/includes/services/DebtService.php(51): PDOStatement->execute()
#1 /home/websly/public_html/ajax/debts/collect.php(7): DebtService->collect()
#2 {main}

[2026-04-12 23:41:45] SQLSTATE[HY093]: Invalid parameter number in /home/websly/public_html/includes/services/DebtService.php:51
#0 /home/websly/public_html/includes/services/DebtService.php(51): PDOStatement->execute()
#1 /home/websly/public_html/ajax/debts/collect.php(7): DebtService->collect()
#2 {main}

[2026-04-12 23:51:08] SQLSTATE[HY093]: Invalid parameter number in /home/websly/public_html/includes/services/DebtService.php:51
#0 /home/websly/public_html/includes/services/DebtService.php(51): PDOStatement->execute()
#1 /home/websly/public_html/ajax/debts/collect.php(7): DebtService->collect()
#2 {main}

[2026-04-12 23:51:18] SQLSTATE[HY093]: Invalid parameter number in /home/websly/public_html/includes/services/DebtService.php:51
#0 /home/websly/public_html/includes/services/DebtService.php(51): PDOStatement->execute()
#1 /home/websly/public_html/ajax/debts/collect.php(7): DebtService->collect()
#2 {main}

[2026-04-12 23:59:48] SQLSTATE[HY093]: Invalid parameter number in /home/websly/public_html/includes/services/DebtService.php:51
#0 /home/websly/public_html/includes/services/DebtService.php(51): PDOStatement->execute()
#1 /home/websly/public_html/ajax/debts/collect.php(7): DebtService->collect()
#2 {main}

[2026-04-12 23:59:55] SQLSTATE[HY093]: Invalid parameter number in /home/websly/public_html/includes/services/DebtService.php:51
#0 /home/websly/public_html/includes/services/DebtService.php(51): PDOStatement->execute()
#1 /home/websly/public_html/ajax/debts/collect.php(7): DebtService->collect()
#2 {main}

[2026-04-13 00:01:30] SQLSTATE[HY093]: Invalid parameter number in /home/websly/public_html/includes/services/DebtService.php:51
#0 /home/websly/public_html/includes/services/DebtService.php(51): PDOStatement->execute()
#1 /home/websly/public_html/ajax/debts/collect.php(7): DebtService->collect()
#2 {main}

[2026-04-13 00:01:55] SQLSTATE[HY093]: Invalid parameter number in /home/websly/public_html/includes/services/DebtService.php:51
#0 /home/websly/public_html/includes/services/DebtService.php(51): PDOStatement->execute()
#1 /home/websly/public_html/ajax/debts/collect.php(7): DebtService->collect()
#2 {main}

[2026-04-13 00:02:02] SQLSTATE[HY093]: Invalid parameter number in /home/websly/public_html/includes/services/DebtService.php:51
#0 /home/websly/public_html/includes/services/DebtService.php(51): PDOStatement->execute()
#1 /home/websly/public_html/ajax/debts/collect.php(7): DebtService->collect()
#2 {main}

[2026-04-13 00:19:46] SQLSTATE[01000]: Warning: 1265 Data truncated for column 'party_type' at row 1 in /home/websly/public_html/includes/services/DebtService.php:89
#0 /home/websly/public_html/includes/services/DebtService.php(89): PDOStatement->execute()
#1 /home/websly/public_html/ajax/debts/collect.php(7): DebtService->collect()
#2 {main}

[2026-04-13 00:19:53] SQLSTATE[01000]: Warning: 1265 Data truncated for column 'party_type' at row 1 in /home/websly/public_html/includes/services/DebtService.php:89
#0 /home/websly/public_html/includes/services/DebtService.php(89): PDOStatement->execute()
#1 /home/websly/public_html/ajax/debts/collect.php(7): DebtService->collect()
#2 {main}

[2026-04-13 10:40:31] SQLSTATE[42000]: Syntax error or access violation: 1064 You have an error in your SQL syntax; check the manual that corresponds to your MySQL server version for the right syntax to use near ''20' OFFSET '0'' at line 6 in /home/websly/public_html/includes/services/InventoryService.php:58
#0 /home/websly/public_html/includes/services/InventoryService.php(58): PDOStatement->execute()
#1 /home/websly/public_html/modules/inventory/index.php(13): InventoryService->stockBalance()
#2 /home/websly/public_html/index.php(43): require_once('/home/websly/pu...')
#3 {main}

[2026-04-13 10:44:03] SQLSTATE[42000]: Syntax error or access violation: 1064 You have an error in your SQL syntax; check the manual that corresponds to your MySQL server version for the right syntax to use near ''20' OFFSET '0'' at line 6 in /home/websly/public_html/includes/services/InventoryService.php:58
#0 /home/websly/public_html/includes/services/InventoryService.php(58): PDOStatement->execute()
#1 /home/websly/public_html/modules/inventory/index.php(13): InventoryService->stockBalance()
#2 /home/websly/public_html/index.php(43): require_once('/home/websly/pu...')
#3 {main}

[2026-04-13 16:18:16] SQLSTATE[08004] [1040] Too many connections in /home/websly/public_html/includes/core/Database.php:28
#0 /home/websly/public_html/includes/core/Database.php(28): PDO->__construct()
#1 /home/websly/public_html/includes/core/Auth.php(29): Database::connection()
#2 /home/websly/public_html/config/bootstrap.php(32): Auth::boot()
#3 /home/websly/public_html/index.php(2): require_once('/home/websly/pu...')
#4 {main}

[2026-04-13 19:07:53] require_once(/home/websly/public_html/modules/branches/../includes/branch_admin_only.php): Failed to open stream: No such file or directory in /home/websly/public_html/modules/branches/index.php:2
#0 /home/websly/public_html/modules/branches/index.php(2): ErrorHandler::{closure}()
#1 /home/websly/public_html/modules/branches/index.php(2): require_once()
#2 /home/websly/public_html/index.php(43): require_once('/home/websly/pu...')
#3 {main}

[2026-04-13 19:08:52] require_once(/home/websly/public_html/modules/branches/../includes/branch_admin_only.php): Failed to open stream: No such file or directory in /home/websly/public_html/modules/branches/index.php:2
#0 /home/websly/public_html/modules/branches/index.php(2): ErrorHandler::{closure}()
#1 /home/websly/public_html/modules/branches/index.php(2): require_once()
#2 /home/websly/public_html/index.php(43): require_once('/home/websly/pu...')
#3 {main}

[2026-04-13 19:12:41] Cannot modify header information - headers already sent by (output started at /home/websly/public_html/includes/views/sidebar.php:26) in /home/websly/public_html/includes/branch_admin_only.php:7
#0 [internal function]: ErrorHandler::{closure}()
#1 /home/websly/public_html/includes/branch_admin_only.php(7): header()
#2 /home/websly/public_html/modules/branches/index.php(2): require_once('/home/websly/pu...')
#3 /home/websly/public_html/index.php(43): require_once('/home/websly/pu...')
#4 {main}

[2026-04-13 19:13:57] Cannot modify header information - headers already sent by (output started at /home/websly/public_html/includes/views/sidebar.php:26) in /home/websly/public_html/includes/branch_admin_only.php:7
#0 [internal function]: ErrorHandler::{closure}()
#1 /home/websly/public_html/includes/branch_admin_only.php(7): header()
#2 /home/websly/public_html/modules/branches/index.php(2): require_once('/home/websly/pu...')
#3 /home/websly/public_html/index.php(43): require_once('/home/websly/pu...')
#4 {main}

[2026-04-13 19:14:57] require_once(/home/websly/public_html/includes/auth.php): Failed to open stream: No such file or directory in /home/websly/public_html/includes/branch_admin_only.php:7
#0 /home/websly/public_html/includes/branch_admin_only.php(7): ErrorHandler::{closure}()
#1 /home/websly/public_html/includes/branch_admin_only.php(7): require_once()
#2 /home/websly/public_html/modules/branches/index.php(2): require_once('/home/websly/pu...')
#3 /home/websly/public_html/index.php(43): require_once('/home/websly/pu...')
#4 {main}

[2026-04-14 22:14:03] لا يمكن حفظ قيد بدون سطور محاسبية. in /home/websly/public_html/includes/services/AccountingService.php:33
#0 /home/websly/public_html/includes/services/AccountingService.php(163): AccountingService->createJournal()
#1 /home/websly/public_html/includes/services/PurchaseService.php(108): AccountingService->autoPostPurchase()
#2 /home/websly/public_html/ajax/purchases/create.php(38): PurchaseService->create()
#3 {main}

[2026-04-15 17:43:34] syntax error, unexpected token "endforeach", expecting "elseif" or "else" or "endif" in /home/websly/public_html/modules/sales/index.php:165
#0 {main}

[2026-04-15 17:58:13] SQLSTATE[08004] [1040] Too many connections in /home/websly/public_html/includes/core/Database.php:28
#0 /home/websly/public_html/includes/core/Database.php(28): PDO->__construct()
#1 /home/websly/public_html/includes/core/Auth.php(29): Database::connection()
#2 /home/websly/public_html/config/bootstrap.php(32): Auth::boot()
#3 /home/websly/public_html/ajax/marketers/save.php(2): require_once('/home/websly/pu...')
#4 {main}

[2026-04-15 18:03:07] syntax error, unexpected token "endforeach", expecting "elseif" or "else" or "endif" in /home/websly/public_html/modules/sales/index.php:165
#0 {main}

[2026-04-15 18:06:22] Undefined array key "marketer_type" in /home/websly/public_html/modules/sales/index.php:164
#0 /home/websly/public_html/modules/sales/index.php(164): ErrorHandler::{closure}()
#1 /home/websly/public_html/index.php(43): require_once('/home/websly/pu...')
#2 {main}

[2026-04-16 14:07:38] SQLSTATE[HY093]: Invalid parameter number: number of bound variables does not match number of tokens in /home/websly/public_html/includes/services/InventoryService.php:121
#0 /home/websly/public_html/includes/services/InventoryService.php(121): PDOStatement->execute()
#1 /home/websly/public_html/ajax/inventory/adjust.php(32): InventoryService->createAdjustment()
#2 {main}

[2026-04-16 14:07:59] SQLSTATE[HY093]: Invalid parameter number: number of bound variables does not match number of tokens in /home/websly/public_html/includes/services/InventoryService.php:121
#0 /home/websly/public_html/includes/services/InventoryService.php(121): PDOStatement->execute()
#1 /home/websly/public_html/ajax/inventory/adjust.php(32): InventoryService->createAdjustment()
#2 {main}

[2026-04-16 14:12:21] SQLSTATE[HY093]: Invalid parameter number: number of bound variables does not match number of tokens in /home/websly/public_html/includes/services/InventoryService.php:121
#0 /home/websly/public_html/includes/services/InventoryService.php(121): PDOStatement->execute()
#1 /home/websly/public_html/ajax/inventory/adjust.php(32): InventoryService->createAdjustment()
#2 {main}

[2026-04-16 14:13:41] SQLSTATE[HY093]: Invalid parameter number: number of bound variables does not match number of tokens in /home/websly/public_html/includes/services/InventoryService.php:121
#0 /home/websly/public_html/includes/services/InventoryService.php(121): PDOStatement->execute()
#1 /home/websly/public_html/ajax/inventory/adjust.php(32): InventoryService->createAdjustment()
#2 {main}

[2026-04-16 14:42:42] SQLSTATE[HY093]: Invalid parameter number: number of bound variables does not match number of tokens in /home/websly/public_html/includes/services/InventoryService.php:125
#0 /home/websly/public_html/includes/services/InventoryService.php(125): PDOStatement->execute()
#1 /home/websly/public_html/ajax/inventory/adjust.php(32): InventoryService->createAdjustment()
#2 {main}

[2026-04-16 14:43:10] SQLSTATE[HY093]: Invalid parameter number: number of bound variables does not match number of tokens in /home/websly/public_html/includes/services/InventoryService.php:125
#0 /home/websly/public_html/includes/services/InventoryService.php(125): PDOStatement->execute()
#1 /home/websly/public_html/ajax/inventory/adjust.php(32): InventoryService->createAdjustment()
#2 {main}

[2026-04-16 14:49:08] SQLSTATE[HY093]: Invalid parameter number: number of bound variables does not match number of tokens in /home/websly/public_html/includes/services/InventoryService.php:128
#0 /home/websly/public_html/includes/services/InventoryService.php(128): PDOStatement->execute()
#1 /home/websly/public_html/ajax/inventory/adjust.php(32): InventoryService->createAdjustment()
#2 {main}

[2026-04-18 16:22:24] SQLSTATE[42000]: Syntax error or access violation: 1064 You have an error in your SQL syntax; check the manual that corresponds to your MySQL server version for the right syntax to use near 'CHAR(10)
                           ) AS units_summary
                    FRO' at line 45 in /home/websly/public_html/includes/services/ReportService.php:191
#0 /home/websly/public_html/includes/services/ReportService.php(191): PDOStatement->execute()
#1 /home/websly/public_html/ajax/reports/products-export.php(8): ReportService->productsExportRows()
#2 {main}

[2026-04-19 11:47:47] Array to string conversion in /home2/alslamly/public_html/includes/repositories/CrudRepository.php:37
#0 /home2/alslamly/public_html/includes/repositories/CrudRepository.php(37): ErrorHandler::{closure:ErrorHandler::register():23}()
#1 /home2/alslamly/public_html/includes/services/CrudService.php(15): CrudRepository->paginate()
#2 /home2/alslamly/public_html/modules/products/index.php(36): CrudService->paginate()
#3 /home2/alslamly/public_html/index.php(43): require_once('/home2/alslamly...')
#4 {main}

[19-Apr-2026 11:47:47 Africa/Tripoli] PHP Fatal error:  Uncaught ErrorException: http_response_code(): Cannot set response code - headers already sent (output started at /home2/alslamly/public_html/includes/views/sidebar.php:27) in /home2/alslamly/public_html/includes/core/ErrorHandler.php:34
Stack trace:
#0 [internal function]: ErrorHandler::{closure:ErrorHandler::register():23}()
#1 /home2/alslamly/public_html/includes/core/ErrorHandler.php(34): http_response_code()
#2 [internal function]: ErrorHandler::handleException()
#3 {main}
  thrown in /home2/alslamly/public_html/includes/core/ErrorHandler.php on line 34
[2026-04-19 11:47:51] http_response_code(): Cannot set response code - headers already sent (output started at /home2/alslamly/public_html/includes/views/sidebar.php:27) in /home2/alslamly/public_html/includes/branch_admin_only.php:11
#0 [internal function]: ErrorHandler::{closure:ErrorHandler::register():23}()
#1 /home2/alslamly/public_html/includes/branch_admin_only.php(11): http_response_code()
#2 /home2/alslamly/public_html/modules/branches/index.php(2): require_once('/home2/alslamly...')
#3 /home2/alslamly/public_html/index.php(43): require_once('/home2/alslamly...')
#4 {main}

[19-Apr-2026 11:47:51 Africa/Tripoli] PHP Fatal error:  Uncaught ErrorException: http_response_code(): Cannot set response code - headers already sent (output started at /home2/alslamly/public_html/includes/views/sidebar.php:27) in /home2/alslamly/public_html/includes/core/ErrorHandler.php:34
Stack trace:
#0 [internal function]: ErrorHandler::{closure:ErrorHandler::register():23}()
#1 /home2/alslamly/public_html/includes/core/ErrorHandler.php(34): http_response_code()
#2 [internal function]: ErrorHandler::handleException()
#3 {main}
  thrown in /home2/alslamly/public_html/includes/core/ErrorHandler.php on line 34
[2026-04-19 11:47:53] http_response_code(): Cannot set response code - headers already sent (output started at /home2/alslamly/public_html/includes/views/sidebar.php:27) in /home2/alslamly/public_html/includes/branch_admin_only.php:11
#0 [internal function]: ErrorHandler::{closure:ErrorHandler::register():23}()
#1 /home2/alslamly/public_html/includes/branch_admin_only.php(11): http_response_code()
#2 /home2/alslamly/public_html/modules/branches/index.php(2): require_once('/home2/alslamly...')
#3 /home2/alslamly/public_html/index.php(43): require_once('/home2/alslamly...')
#4 {main}

[19-Apr-2026 11:47:53 Africa/Tripoli] PHP Fatal error:  Uncaught ErrorException: http_response_code(): Cannot set response code - headers already sent (output started at /home2/alslamly/public_html/includes/views/sidebar.php:27) in /home2/alslamly/public_html/includes/core/ErrorHandler.php:34
Stack trace:
#0 [internal function]: ErrorHandler::{closure:ErrorHandler::register():23}()
#1 /home2/alslamly/public_html/includes/core/ErrorHandler.php(34): http_response_code()
#2 [internal function]: ErrorHandler::handleException()
#3 {main}
  thrown in /home2/alslamly/public_html/includes/core/ErrorHandler.php on line 34
[2026-04-19 11:47:56] Array to string conversion in /home2/alslamly/public_html/includes/repositories/CrudRepository.php:37
#0 /home2/alslamly/public_html/includes/repositories/CrudRepository.php(37): ErrorHandler::{closure:ErrorHandler::register():23}()
#1 /home2/alslamly/public_html/includes/services/CrudService.php(15): CrudRepository->paginate()
#2 /home2/alslamly/public_html/modules/products/index.php(36): CrudService->paginate()
#3 /home2/alslamly/public_html/index.php(43): require_once('/home2/alslamly...')
#4 {main}

[19-Apr-2026 11:47:56 Africa/Tripoli] PHP Fatal error:  Uncaught ErrorException: http_response_code(): Cannot set response code - headers already sent (output started at /home2/alslamly/public_html/includes/views/sidebar.php:27) in /home2/alslamly/public_html/includes/core/ErrorHandler.php:34
Stack trace:
#0 [internal function]: ErrorHandler::{closure:ErrorHandler::register():23}()
#1 /home2/alslamly/public_html/includes/core/ErrorHandler.php(34): http_response_code()
#2 [internal function]: ErrorHandler::handleException()
#3 {main}
  thrown in /home2/alslamly/public_html/includes/core/ErrorHandler.php on line 34
[2026-04-19 11:48:26] Array to string conversion in /home2/alslamly/public_html/includes/repositories/CrudRepository.php:37
#0 /home2/alslamly/public_html/includes/repositories/CrudRepository.php(37): ErrorHandler::{closure:ErrorHandler::register():23}()
#1 /home2/alslamly/public_html/includes/services/CrudService.php(15): CrudRepository->paginate()
#2 /home2/alslamly/public_html/modules/products/index.php(36): CrudService->paginate()
#3 /home2/alslamly/public_html/index.php(43): require_once('/home2/alslamly...')
#4 {main}

[19-Apr-2026 11:48:26 Africa/Tripoli] PHP Fatal error:  Uncaught ErrorException: http_response_code(): Cannot set response code - headers already sent (output started at /home2/alslamly/public_html/includes/views/sidebar.php:27) in /home2/alslamly/public_html/includes/core/ErrorHandler.php:34
Stack trace:
#0 [internal function]: ErrorHandler::{closure:ErrorHandler::register():23}()
#1 /home2/alslamly/public_html/includes/core/ErrorHandler.php(34): http_response_code()
#2 [internal function]: ErrorHandler::handleException()
#3 {main}
  thrown in /home2/alslamly/public_html/includes/core/ErrorHandler.php on line 34
[2026-04-19 11:48:44] Array to string conversion in /home2/alslamly/public_html/includes/repositories/CrudRepository.php:37
#0 /home2/alslamly/public_html/includes/repositories/CrudRepository.php(37): ErrorHandler::{closure:ErrorHandler::register():23}()
#1 /home2/alslamly/public_html/includes/services/CrudService.php(15): CrudRepository->paginate()
#2 /home2/alslamly/public_html/modules/products/index.php(36): CrudService->paginate()
#3 /home2/alslamly/public_html/index.php(43): require_once('/home2/alslamly...')
#4 {main}

[19-Apr-2026 11:48:44 Africa/Tripoli] PHP Fatal error:  Uncaught ErrorException: http_response_code(): Cannot set response code - headers already sent (output started at /home2/alslamly/public_html/includes/views/sidebar.php:27) in /home2/alslamly/public_html/includes/core/ErrorHandler.php:34
Stack trace:
#0 [internal function]: ErrorHandler::{closure:ErrorHandler::register():23}()
#1 /home2/alslamly/public_html/includes/core/ErrorHandler.php(34): http_response_code()
#2 [internal function]: ErrorHandler::handleException()
#3 {main}
  thrown in /home2/alslamly/public_html/includes/core/ErrorHandler.php on line 34
[2026-04-19 11:49:00] http_response_code(): Cannot set response code - headers already sent (output started at /home2/alslamly/public_html/includes/views/sidebar.php:27) in /home2/alslamly/public_html/includes/branch_admin_only.php:11
#0 [internal function]: ErrorHandler::{closure:ErrorHandler::register():23}()
#1 /home2/alslamly/public_html/includes/branch_admin_only.php(11): http_response_code()
#2 /home2/alslamly/public_html/modules/branches/index.php(2): require_once('/home2/alslamly...')
#3 /home2/alslamly/public_html/index.php(43): require_once('/home2/alslamly...')
#4 {main}

[19-Apr-2026 11:49:00 Africa/Tripoli] PHP Fatal error:  Uncaught ErrorException: http_response_code(): Cannot set response code - headers already sent (output started at /home2/alslamly/public_html/includes/views/sidebar.php:27) in /home2/alslamly/public_html/includes/core/ErrorHandler.php:34
Stack trace:
#0 [internal function]: ErrorHandler::{closure:ErrorHandler::register():23}()
#1 /home2/alslamly/public_html/includes/core/ErrorHandler.php(34): http_response_code()
#2 [internal function]: ErrorHandler::handleException()
#3 {main}
  thrown in /home2/alslamly/public_html/includes/core/ErrorHandler.php on line 34
[2026-04-19 11:49:02] http_response_code(): Cannot set response code - headers already sent (output started at /home2/alslamly/public_html/includes/views/sidebar.php:27) in /home2/alslamly/public_html/includes/branch_admin_only.php:11
#0 [internal function]: ErrorHandler::{closure:ErrorHandler::register():23}()
#1 /home2/alslamly/public_html/includes/branch_admin_only.php(11): http_response_code()
#2 /home2/alslamly/public_html/modules/branches/index.php(2): require_once('/home2/alslamly...')
#3 /home2/alslamly/public_html/index.php(43): require_once('/home2/alslamly...')
#4 {main}

[19-Apr-2026 11:49:02 Africa/Tripoli] PHP Fatal error:  Uncaught ErrorException: http_response_code(): Cannot set response code - headers already sent (output started at /home2/alslamly/public_html/includes/views/sidebar.php:27) in /home2/alslamly/public_html/includes/core/ErrorHandler.php:34
Stack trace:
#0 [internal function]: ErrorHandler::{closure:ErrorHandler::register():23}()
#1 /home2/alslamly/public_html/includes/core/ErrorHandler.php(34): http_response_code()
#2 [internal function]: ErrorHandler::handleException()
#3 {main}
  thrown in /home2/alslamly/public_html/includes/core/ErrorHandler.php on line 34
[2026-04-19 11:49:58] Array to string conversion in /home2/alslamly/public_html/includes/repositories/CrudRepository.php:37
#0 /home2/alslamly/public_html/includes/repositories/CrudRepository.php(37): ErrorHandler::{closure:ErrorHandler::register():23}()
#1 /home2/alslamly/public_html/includes/services/CrudService.php(15): CrudRepository->paginate()
#2 /home2/alslamly/public_html/modules/customers/index.php(21): CrudService->paginate()
#3 /home2/alslamly/public_html/index.php(43): require_once('/home2/alslamly...')
#4 {main}

[19-Apr-2026 11:49:58 Africa/Tripoli] PHP Fatal error:  Uncaught ErrorException: http_response_code(): Cannot set response code - headers already sent (output started at /home2/alslamly/public_html/includes/views/sidebar.php:27) in /home2/alslamly/public_html/includes/core/ErrorHandler.php:34
Stack trace:
#0 [internal function]: ErrorHandler::{closure:ErrorHandler::register():23}()
#1 /home2/alslamly/public_html/includes/core/ErrorHandler.php(34): http_response_code()
#2 [internal function]: ErrorHandler::handleException()
#3 {main}
  thrown in /home2/alslamly/public_html/includes/core/ErrorHandler.php on line 34
[2026-04-19 11:50:08] Array to string conversion in /home2/alslamly/public_html/includes/repositories/CrudRepository.php:37
#0 /home2/alslamly/public_html/includes/repositories/CrudRepository.php(37): ErrorHandler::{closure:ErrorHandler::register():23}()
#1 /home2/alslamly/public_html/includes/services/CrudService.php(15): CrudRepository->paginate()
#2 /home2/alslamly/public_html/modules/customers/index.php(21): CrudService->paginate()
#3 /home2/alslamly/public_html/index.php(43): require_once('/home2/alslamly...')
#4 {main}

[19-Apr-2026 11:50:08 Africa/Tripoli] PHP Fatal error:  Uncaught ErrorException: http_response_code(): Cannot set response code - headers already sent (output started at /home2/alslamly/public_html/includes/views/sidebar.php:27) in /home2/alslamly/public_html/includes/core/ErrorHandler.php:34
Stack trace:
#0 [internal function]: ErrorHandler::{closure:ErrorHandler::register():23}()
#1 /home2/alslamly/public_html/includes/core/ErrorHandler.php(34): http_response_code()
#2 [internal function]: ErrorHandler::handleException()
#3 {main}
  thrown in /home2/alslamly/public_html/includes/core/ErrorHandler.php on line 34
[2026-04-19 11:50:12] Array to string conversion in /home2/alslamly/public_html/includes/repositories/CrudRepository.php:37
#0 /home2/alslamly/public_html/includes/repositories/CrudRepository.php(37): ErrorHandler::{closure:ErrorHandler::register():23}()
#1 /home2/alslamly/public_html/includes/services/CrudService.php(15): CrudRepository->paginate()
#2 /home2/alslamly/public_html/modules/products/index.php(36): CrudService->paginate()
#3 /home2/alslamly/public_html/index.php(43): require_once('/home2/alslamly...')
#4 {main}

[19-Apr-2026 11:50:12 Africa/Tripoli] PHP Fatal error:  Uncaught ErrorException: http_response_code(): Cannot set response code - headers already sent (output started at /home2/alslamly/public_html/includes/views/sidebar.php:27) in /home2/alslamly/public_html/includes/core/ErrorHandler.php:34
Stack trace:
#0 [internal function]: ErrorHandler::{closure:ErrorHandler::register():23}()
#1 /home2/alslamly/public_html/includes/core/ErrorHandler.php(34): http_response_code()
#2 [internal function]: ErrorHandler::handleException()
#3 {main}
  thrown in /home2/alslamly/public_html/includes/core/ErrorHandler.php on line 34
[2026-04-19 11:51:05] http_response_code(): Cannot set response code - headers already sent (output started at /home2/alslamly/public_html/includes/views/sidebar.php:27) in /home2/alslamly/public_html/includes/branch_admin_only.php:11
#0 [internal function]: ErrorHandler::{closure:ErrorHandler::register():23}()
#1 /home2/alslamly/public_html/includes/branch_admin_only.php(11): http_response_code()
#2 /home2/alslamly/public_html/modules/branches/index.php(2): require_once('/home2/alslamly...')
#3 /home2/alslamly/public_html/index.php(43): require_once('/home2/alslamly...')
#4 {main}

[19-Apr-2026 11:51:05 Africa/Tripoli] PHP Fatal error:  Uncaught ErrorException: http_response_code(): Cannot set response code - headers already sent (output started at /home2/alslamly/public_html/includes/views/sidebar.php:27) in /home2/alslamly/public_html/includes/core/ErrorHandler.php:34
Stack trace:
#0 [internal function]: ErrorHandler::{closure:ErrorHandler::register():23}()
#1 /home2/alslamly/public_html/includes/core/ErrorHandler.php(34): http_response_code()
#2 [internal function]: ErrorHandler::handleException()
#3 {main}
  thrown in /home2/alslamly/public_html/includes/core/ErrorHandler.php on line 34
[2026-04-19 11:51:08] Array to string conversion in /home2/alslamly/public_html/includes/repositories/CrudRepository.php:37
#0 /home2/alslamly/public_html/includes/repositories/CrudRepository.php(37): ErrorHandler::{closure:ErrorHandler::register():23}()
#1 /home2/alslamly/public_html/includes/services/CrudService.php(15): CrudRepository->paginate()
#2 /home2/alslamly/public_html/modules/products/index.php(36): CrudService->paginate()
#3 /home2/alslamly/public_html/index.php(43): require_once('/home2/alslamly...')
#4 {main}

[19-Apr-2026 11:51:08 Africa/Tripoli] PHP Fatal error:  Uncaught ErrorException: http_response_code(): Cannot set response code - headers already sent (output started at /home2/alslamly/public_html/includes/views/sidebar.php:27) in /home2/alslamly/public_html/includes/core/ErrorHandler.php:34
Stack trace:
#0 [internal function]: ErrorHandler::{closure:ErrorHandler::register():23}()
#1 /home2/alslamly/public_html/includes/core/ErrorHandler.php(34): http_response_code()
#2 [internal function]: ErrorHandler::handleException()
#3 {main}
  thrown in /home2/alslamly/public_html/includes/core/ErrorHandler.php on line 34
[2026-04-19 11:51:22] Array to string conversion in /home2/alslamly/public_html/includes/repositories/CrudRepository.php:37
#0 /home2/alslamly/public_html/includes/repositories/CrudRepository.php(37): ErrorHandler::{closure:ErrorHandler::register():23}()
#1 /home2/alslamly/public_html/includes/services/CrudService.php(15): CrudRepository->paginate()
#2 /home2/alslamly/public_html/modules/products/index.php(36): CrudService->paginate()
#3 /home2/alslamly/public_html/index.php(43): require_once('/home2/alslamly...')
#4 {main}

[19-Apr-2026 11:51:22 Africa/Tripoli] PHP Fatal error:  Uncaught ErrorException: http_response_code(): Cannot set response code - headers already sent (output started at /home2/alslamly/public_html/includes/views/sidebar.php:27) in /home2/alslamly/public_html/includes/core/ErrorHandler.php:34
Stack trace:
#0 [internal function]: ErrorHandler::{closure:ErrorHandler::register():23}()
#1 /home2/alslamly/public_html/includes/core/ErrorHandler.php(34): http_response_code()
#2 [internal function]: ErrorHandler::handleException()
#3 {main}
  thrown in /home2/alslamly/public_html/includes/core/ErrorHandler.php on line 34
[2026-04-19 11:52:59] Array to string conversion in /home2/alslamly/public_html/includes/repositories/CrudRepository.php:37
#0 /home2/alslamly/public_html/includes/repositories/CrudRepository.php(37): ErrorHandler::{closure:ErrorHandler::register():23}()
#1 /home2/alslamly/public_html/includes/services/CrudService.php(15): CrudRepository->paginate()
#2 /home2/alslamly/public_html/modules/products/index.php(36): CrudService->paginate()
#3 /home2/alslamly/public_html/index.php(43): require_once('/home2/alslamly...')
#4 {main}

[19-Apr-2026 11:52:59 Africa/Tripoli] PHP Fatal error:  Uncaught ErrorException: http_response_code(): Cannot set response code - headers already sent (output started at /home2/alslamly/public_html/includes/views/sidebar.php:27) in /home2/alslamly/public_html/includes/core/ErrorHandler.php:34
Stack trace:
#0 [internal function]: ErrorHandler::{closure:ErrorHandler::register():23}()
#1 /home2/alslamly/public_html/includes/core/ErrorHandler.php(34): http_response_code()
#2 [internal function]: ErrorHandler::handleException()
#3 {main}
  thrown in /home2/alslamly/public_html/includes/core/ErrorHandler.php on line 34
[2026-04-19 12:44:48] Array to string conversion in /home2/alslamly/public_html/includes/repositories/CrudRepository.php:37
#0 /home2/alslamly/public_html/includes/repositories/CrudRepository.php(37): ErrorHandler::{closure:ErrorHandler::register():23}()
#1 /home2/alslamly/public_html/includes/services/CrudService.php(15): CrudRepository->paginate()
#2 /home2/alslamly/public_html/modules/products/index.php(36): CrudService->paginate()
#3 /home2/alslamly/public_html/index.php(43): require_once('/home2/alslamly...')
#4 {main}

[19-Apr-2026 12:44:48 Africa/Tripoli] PHP Fatal error:  Uncaught ErrorException: http_response_code(): Cannot set response code - headers already sent (output started at /home2/alslamly/public_html/includes/views/sidebar.php:27) in /home2/alslamly/public_html/includes/core/ErrorHandler.php:34
Stack trace:
#0 [internal function]: ErrorHandler::{closure:ErrorHandler::register():23}()
#1 /home2/alslamly/public_html/includes/core/ErrorHandler.php(34): http_response_code()
#2 [internal function]: ErrorHandler::handleException()
#3 {main}
  thrown in /home2/alslamly/public_html/includes/core/ErrorHandler.php on line 34
[2026-04-19 12:59:46] Array to string conversion in /home2/alslamly/public_html/includes/repositories/CrudRepository.php:37
#0 /home2/alslamly/public_html/includes/repositories/CrudRepository.php(37): ErrorHandler::{closure:ErrorHandler::register():23}()
#1 /home2/alslamly/public_html/includes/services/CrudService.php(15): CrudRepository->paginate()
#2 /home2/alslamly/public_html/modules/products/index.php(36): CrudService->paginate()
#3 /home2/alslamly/public_html/index.php(43): require_once('/home2/alslamly...')
#4 {main}

[19-Apr-2026 12:59:46 Africa/Tripoli] PHP Fatal error:  Uncaught ErrorException: http_response_code(): Cannot set response code - headers already sent (output started at /home2/alslamly/public_html/includes/views/sidebar.php:27) in /home2/alslamly/public_html/includes/core/ErrorHandler.php:34
Stack trace:
#0 [internal function]: ErrorHandler::{closure:ErrorHandler::register():23}()
#1 /home2/alslamly/public_html/includes/core/ErrorHandler.php(34): http_response_code()
#2 [internal function]: ErrorHandler::handleException()
#3 {main}
  thrown in /home2/alslamly/public_html/includes/core/ErrorHandler.php on line 34
[2026-04-19 13:04:11] Array to string conversion in /home2/alslamly/public_html/includes/repositories/CrudRepository.php:37
#0 /home2/alslamly/public_html/includes/repositories/CrudRepository.php(37): ErrorHandler::{closure:ErrorHandler::register():23}()
#1 /home2/alslamly/public_html/includes/services/CrudService.php(15): CrudRepository->paginate()
#2 /home2/alslamly/public_html/modules/products/index.php(36): CrudService->paginate()
#3 /home2/alslamly/public_html/index.php(43): require_once('/home2/alslamly...')
#4 {main}

[19-Apr-2026 13:04:11 Africa/Tripoli] PHP Fatal error:  Uncaught ErrorException: http_response_code(): Cannot set response code - headers already sent (output started at /home2/alslamly/public_html/includes/views/sidebar.php:27) in /home2/alslamly/public_html/includes/core/ErrorHandler.php:34
Stack trace:
#0 [internal function]: ErrorHandler::{closure:ErrorHandler::register():23}()
#1 /home2/alslamly/public_html/includes/core/ErrorHandler.php(34): http_response_code()
#2 [internal function]: ErrorHandler::handleException()
#3 {main}
  thrown in /home2/alslamly/public_html/includes/core/ErrorHandler.php on line 34
[2026-04-19 13:04:15] Array to string conversion in /home2/alslamly/public_html/includes/repositories/CrudRepository.php:37
#0 /home2/alslamly/public_html/includes/repositories/CrudRepository.php(37): ErrorHandler::{closure:ErrorHandler::register():23}()
#1 /home2/alslamly/public_html/includes/services/CrudService.php(15): CrudRepository->paginate()
#2 /home2/alslamly/public_html/modules/products/index.php(36): CrudService->paginate()
#3 /home2/alslamly/public_html/index.php(43): require_once('/home2/alslamly...')
#4 {main}

[19-Apr-2026 13:04:15 Africa/Tripoli] PHP Fatal error:  Uncaught ErrorException: http_response_code(): Cannot set response code - headers already sent (output started at /home2/alslamly/public_html/includes/views/sidebar.php:27) in /home2/alslamly/public_html/includes/core/ErrorHandler.php:34
Stack trace:
#0 [internal function]: ErrorHandler::{closure:ErrorHandler::register():23}()
#1 /home2/alslamly/public_html/includes/core/ErrorHandler.php(34): http_response_code()
#2 [internal function]: ErrorHandler::handleException()
#3 {main}
  thrown in /home2/alslamly/public_html/includes/core/ErrorHandler.php on line 34
[2026-04-20 19:17:22] SQLSTATE[23000]: Integrity constraint violation: 1451 Cannot delete or update a parent row: a foreign key constraint fails (`alslamly_database`.`sale_return_items`, CONSTRAINT `fk_sale_return_items_sale_item` FOREIGN KEY (`sale_item_id`) REFERENCES `sale_items` (`id`) ON UPDATE CASCADE) in /home2/alslamly/public_html/includes/services/SalesService.php:299
#0 /home2/alslamly/public_html/includes/services/SalesService.php(299): PDOStatement->execute()
#1 /home2/alslamly/public_html/ajax/sales/return.php(31): SalesService->createReturn()
#2 {main}

[2026-04-21 09:11:21] SQLSTATE[42S22]: Column not found: 1054 Unknown column 'c.name' in 'where clause' in /home2/alslamly/public_html/modules/sales/index.php:283
#0 /home2/alslamly/public_html/modules/sales/index.php(283): PDOStatement->execute()
#1 /home2/alslamly/public_html/index.php(43): require_once('/home2/alslamly...')
#2 {main}

[2026-04-21 09:11:34] SQLSTATE[42S22]: Column not found: 1054 Unknown column 'c.name' in 'where clause' in /home2/alslamly/public_html/modules/sales/index.php:283
#0 /home2/alslamly/public_html/modules/sales/index.php(283): PDOStatement->execute()
#1 /home2/alslamly/public_html/index.php(43): require_once('/home2/alslamly...')
#2 {main}

[2026-04-21 09:14:59] SQLSTATE[42S22]: Column not found: 1054 Unknown column 'c.name' in 'where clause' in /home2/alslamly/public_html/modules/sales/index.php:283
#0 /home2/alslamly/public_html/modules/sales/index.php(283): PDOStatement->execute()
#1 /home2/alslamly/public_html/index.php(43): require_once('/home2/alslamly...')
#2 {main}

[2026-04-21 09:16:40] SQLSTATE[42S22]: Column not found: 1054 Unknown column 'c.name' in 'where clause' in /home2/alslamly/public_html/modules/sales/index.php:283
#0 /home2/alslamly/public_html/modules/sales/index.php(283): PDOStatement->execute()
#1 /home2/alslamly/public_html/index.php(43): require_once('/home2/alslamly...')
#2 {main}

[2026-04-21 09:24:49] SQLSTATE[42S22]: Column not found: 1054 Unknown column 'c.name' in 'where clause' in /home2/alslamly/public_html/modules/sales/index.php:283
#0 /home2/alslamly/public_html/modules/sales/index.php(283): PDOStatement->execute()
#1 /home2/alslamly/public_html/index.php(43): require_once('/home2/alslamly...')
#2 {main}

[2026-04-21 09:31:03] SQLSTATE[42S22]: Column not found: 1054 Unknown column 'c.name' in 'where clause' in /home2/alslamly/public_html/modules/sales/index.php:283
#0 /home2/alslamly/public_html/modules/sales/index.php(283): PDOStatement->execute()
#1 /home2/alslamly/public_html/index.php(43): require_once('/home2/alslamly...')
#2 {main}

[2026-04-21 14:20:37] SQLSTATE[42S22]: Column not found: 1054 Unknown column 'c.name' in 'where clause' in /home2/alslamly/public_html/modules/sales/index.php:283
#0 /home2/alslamly/public_html/modules/sales/index.php(283): PDOStatement->execute()
#1 /home2/alslamly/public_html/index.php(43): require_once('/home2/alslamly...')
#2 {main}

[2026-04-21 16:10:27] غير مصرح لك بإدارة الفروع. in /home2/alslamly/public_html/includes/branch_admin_only.php:10
#0 /home2/alslamly/public_html/modules/branches/index.php(2): require_once()
#1 /home2/alslamly/public_html/index.php(43): require_once('/home2/alslamly...')
#2 {main}

[2026-04-22 09:07:11] SQLSTATE[42S22]: Column not found: 1054 Unknown column 'c.name' in 'where clause' in /home2/alslamly/public_html/modules/sales/index.php:283
#0 /home2/alslamly/public_html/modules/sales/index.php(283): PDOStatement->execute()
#1 /home2/alslamly/public_html/index.php(43): require_once('/home2/alslamly...')
#2 {main}

[2026-04-23 09:14:01] SQLSTATE[42S22]: Column not found: 1054 Unknown column 'c.name' in 'where clause' in /home2/alslamly/public_html/modules/sales/index.php:372
#0 /home2/alslamly/public_html/modules/sales/index.php(372): PDOStatement->execute()
#1 /home2/alslamly/public_html/index.php(43): require_once('/home2/alslamly...')
#2 {main}

[2026-04-23 09:35:57] Undefined variable $recentSalesWhereSql in /home2/alslamly/public_html/modules/sales/index.php:377
#0 /home2/alslamly/public_html/modules/sales/index.php(377): ErrorHandler::{closure:ErrorHandler::register():23}()
#1 /home2/alslamly/public_html/index.php(43): require_once('/home2/alslamly...')
#2 {main}

[2026-04-23 09:36:00] Undefined variable $recentSalesWhereSql in /home2/alslamly/public_html/modules/sales/index.php:377
#0 /home2/alslamly/public_html/modules/sales/index.php(377): ErrorHandler::{closure:ErrorHandler::register():23}()
#1 /home2/alslamly/public_html/index.php(43): require_once('/home2/alslamly...')
#2 {main}

[2026-04-23 09:36:07] Undefined variable $recentSalesWhereSql in /home2/alslamly/public_html/modules/sales/index.php:377
#0 /home2/alslamly/public_html/modules/sales/index.php(377): ErrorHandler::{closure:ErrorHandler::register():23}()
#1 /home2/alslamly/public_html/index.php(43): require_once('/home2/alslamly...')
#2 {main}

[2026-04-23 09:36:49] SQLSTATE[42S22]: Column not found: 1054 Unknown column 'c.name' in 'where clause' in /home2/alslamly/public_html/modules/sales/index.php:372
#0 /home2/alslamly/public_html/modules/sales/index.php(372): PDOStatement->execute()
#1 /home2/alslamly/public_html/index.php(43): require_once('/home2/alslamly...')
#2 {main}

[2026-04-23 09:55:33] Cannot modify header information - headers already sent by (output started at /home2/alslamly/public_html/includes/views/sidebar.php:27) in /home2/alslamly/public_html/modules/sales/index.php:2
#0 [internal function]: ErrorHandler::{closure:ErrorHandler::register():23}()
#1 /home2/alslamly/public_html/modules/sales/index.php(2): header()
#2 /home2/alslamly/public_html/index.php(43): require_once('/home2/alslamly...')
#3 {main}

[2026-04-23 09:55:45] Cannot modify header information - headers already sent by (output started at /home2/alslamly/public_html/includes/views/sidebar.php:27) in /home2/alslamly/public_html/modules/sales/index.php:14
#0 [internal function]: ErrorHandler::{closure:ErrorHandler::register():23}()
#1 /home2/alslamly/public_html/modules/sales/index.php(14): header()
#2 /home2/alslamly/public_html/index.php(43): require_once('/home2/alslamly...')
#3 {main}

[2026-04-23 09:55:48] Cannot modify header information - headers already sent by (output started at /home2/alslamly/public_html/includes/views/sidebar.php:27) in /home2/alslamly/public_html/modules/sales/index.php:14
#0 [internal function]: ErrorHandler::{closure:ErrorHandler::register():23}()
#1 /home2/alslamly/public_html/modules/sales/index.php(14): header()
#2 /home2/alslamly/public_html/index.php(43): require_once('/home2/alslamly...')
#3 {main}

[2026-04-23 10:05:25] Cannot modify header information - headers already sent by (output started at /home2/alslamly/public_html/includes/views/sidebar.php:27) in /home2/alslamly/public_html/modules/sales/index.php:2
#0 [internal function]: ErrorHandler::{closure:ErrorHandler::register():23}()
#1 /home2/alslamly/public_html/modules/sales/index.php(2): header()
#2 /home2/alslamly/public_html/index.php(43): require_once('/home2/alslamly...')
#3 {main}

[2026-04-23 10:05:31] Cannot modify header information - headers already sent by (output started at /home2/alslamly/public_html/includes/views/sidebar.php:27) in /home2/alslamly/public_html/modules/sales/index.php:2
#0 [internal function]: ErrorHandler::{closure:ErrorHandler::register():23}()
#1 /home2/alslamly/public_html/modules/sales/index.php(2): header()
#2 /home2/alslamly/public_html/index.php(43): require_once('/home2/alslamly...')
#3 {main}

[2026-04-23 10:32:33] SQLSTATE[42S22]: Column not found: 1054 Unknown column 'sm.deleted_at' in 'where clause' in /home2/alslamly/public_html/api/all-movements-export.php:103
#0 /home2/alslamly/public_html/api/all-movements-export.php(103): PDOStatement->execute()
#1 {main}

[2026-04-23 10:36:19] SQLSTATE[42000]: Syntax error or access violation: 1064 You have an error in your SQL syntax; check the manual that corresponds to your MySQL server version for the right syntax to use near 'ORDER BY sm.movement_date DESC, sm.id DESC' at line 5 in /home2/alslamly/public_html/api/all-movements-export.php:104
#0 /home2/alslamly/public_html/api/all-movements-export.php(104): PDOStatement->execute()
#1 {main}

[2026-04-23 10:36:27] SQLSTATE[42000]: Syntax error or access violation: 1064 You have an error in your SQL syntax; check the manual that corresponds to your MySQL server version for the right syntax to use near 'ORDER BY sm.movement_date DESC, sm.id DESC' at line 5 in /home2/alslamly/public_html/api/all-movements-export.php:104
#0 /home2/alslamly/public_html/api/all-movements-export.php(104): PDOStatement->execute()
#1 {main}

[2026-04-23 11:19:21] Undefined variable $showTransferForm in /home2/alslamly/public_html/modules/inventory/index.php:13
#0 /home2/alslamly/public_html/modules/inventory/index.php(13): ErrorHandler::{closure:ErrorHandler::register():23}()
#1 /home2/alslamly/public_html/index.php(43): require_once('/home2/alslamly...')
#2 {main}

[2026-04-23 11:20:44] Undefined variable $showTransferForm in /home2/alslamly/public_html/modules/inventory/index.php:14
#0 /home2/alslamly/public_html/modules/inventory/index.php(14): ErrorHandler::{closure:ErrorHandler::register():23}()
#1 /home2/alslamly/public_html/index.php(43): require_once('/home2/alslamly...')
#2 {main}

[2026-04-23 11:23:23] syntax error, unexpected token "endif", expecting end of file in /home2/alslamly/public_html/modules/inventory/index.php:546
#0 {main}

[23-Apr-2026 11:33:17 Africa/Tripoli] [marketers.save] SQLSTATE[23000]: Integrity constraint violation: 1062 Duplicate entry '0104' for key 'marketers.uq_marketers_code' in /home2/alslamly/public_html/includes/repositories/CrudRepository.php:136
[23-Apr-2026 11:33:23 Africa/Tripoli] [marketers.save] SQLSTATE[23000]: Integrity constraint violation: 1062 Duplicate entry '0104' for key 'marketers.uq_marketers_code' in /home2/alslamly/public_html/includes/repositories/CrudRepository.php:136
[23-Apr-2026 11:33:32 Africa/Tripoli] [marketers.save] SQLSTATE[23000]: Integrity constraint violation: 1062 Duplicate entry '0104' for key 'marketers.uq_marketers_code' in /home2/alslamly/public_html/includes/repositories/CrudRepository.php:136
[23-Apr-2026 11:33:38 Africa/Tripoli] [marketers.save] SQLSTATE[23000]: Integrity constraint violation: 1062 Duplicate entry '0104' for key 'marketers.uq_marketers_code' in /home2/alslamly/public_html/includes/repositories/CrudRepository.php:136
